<?xml version="1.0" encoding="UTF-8"?>
<!-- Generated by org.testng.reporters.JUnitReportReporter -->
<testsuite hostname="Desktop" failures="0" tests="7" name="at.ac.fhcampuswien.AppControllerTest" time="0.010" errors="0" timestamp="2022-03-28T12:38:39 CEST" skipped="0">
  <testcase classname="at.ac.fhcampuswien.AppControllerTest" name="getArticleCount2" time="0.000"/>
  <system-out/>
  <testcase classname="at.ac.fhcampuswien.AppControllerTest" name="getTopHeadlinesAustria" time="0.001"/>
  <system-out/>
  <testcase classname="at.ac.fhcampuswien.AppControllerTest" name="getAllNewsBitcoin1" time="0.009"/>
  <system-out/>
  <testcase classname="at.ac.fhcampuswien.AppControllerTest" name="getAllNewsBitcoin2" time="0.000"/>
  <system-out/>
  <testcase classname="at.ac.fhcampuswien.AppControllerTest" name="setArticles1" time="0.000"/>
  <system-out/>
  <testcase classname="at.ac.fhcampuswien.AppControllerTest" name="getArticleCount1" time="0.000"/>
  <system-out/>
  <testcase classname="at.ac.fhcampuswien.AppControllerTest" name="setArticles2" time="0.000"/>
  <system-out/>
</testsuite> <!-- at.ac.fhcampuswien.AppControllerTest -->
